<?xml version="1.0" encoding="UTF-8"?>
<!-- Generated by org.testng.reporters.JUnitXMLReporter -->
<testsuite ignored="0" hostname="Spidy" failures="0" tests="2" name="Default test" time="2.457" errors="0" timestamp="2024-12-05T14:31:24 IST">
  <testcase classname="com.ninza.hrm.api.project_UsingUtilitytest.Project_UsingUtilityTest" name="addSingleProjectWithCreatedTest" time="2.215"/>
  <testcase classname="com.ninza.hrm.api.project_UsingUtilitytest.Project_UsingUtilityTest" name="addDuplicateProject" time="0.168"/>
</testsuite> <!-- Default test -->
