<?xml version="1.0" encoding="UTF-8"?>
<!-- Generated by org.testng.reporters.JUnitXMLReporter -->
<testsuite ignored="2" hostname="Spidy" failures="0" tests="4" name="Test" time="3.03" errors="0" timestamp="2024-12-10T11:04:22 IST">
  <testcase classname="com.ninza.hrm.api.project_UsingUtilitytest.Project_UsingUtilityTest" name="addSingleProjectWithCreatedTest" time="2.0"/>
  <testcase classname="com.ninza.hrm.api.project_UsingUtilitytest.Project_UsingUtilityTest" name="addDuplicateProject" time="0.158"/>
  <testcase classname="com.ninza.hrm.api.employee_UsingUtilitytest.Employee_UsingUtilityTest" name="addEmployeWithOutEmailTest" time="0.347"/>
  <testcase classname="com.ninza.hrm.api.employee_UsingUtilitytest.Employee_UsingUtilityTest" name="addEmployeeToProject" time="0.457"/>
  <testcase classname="com.ninza.hrm.api.baseclass.BaseAPIClass" name="@AfterSuite configAS" time="0.0">
    <ignored/>
  </testcase> <!-- @AfterSuite configAS -->
  <testcase classname="com.ninza.hrm.api.baseclass.BaseAPIClass" name="@BeforeSuite configBS" time="0.0">
    <ignored/>
  </testcase> <!-- @BeforeSuite configBS -->
</testsuite> <!-- Test -->
