<?xml version="1.0" encoding="UTF-8"?>
<testng-results ignored="0" total="4" passed="4" failed="0" skipped="0">
  <reporter-output>
  </reporter-output>
  <suite started-at="2024-12-10T11:04:19 IST" name="Suite" finished-at="2024-12-10T11:04:22 IST" duration-ms="3030">
    <groups>
    </groups>
    <test started-at="2024-12-10T11:04:19 IST" name="Test" finished-at="2024-12-10T11:04:22 IST" duration-ms="3030">
      <class name="com.ninza.hrm.api.project_UsingUtilitytest.Project_UsingUtilityTest">
        <test-method is-config="true" signature="configBS()[pri:0, instance:com.ninza.hrm.api.project_UsingUtilitytest.Project_UsingUtilityTest@302552ec]" started-at="2024-12-10T11:04:18 IST" name="configBS" finished-at="2024-12-10T11:04:19 IST" duration-ms="1235" status="PASS">
          <reporter-output>
          </reporter-output>
        </test-method> <!-- configBS -->
        <test-method signature="addSingleProjectWithCreatedTest()[pri:0, instance:com.ninza.hrm.api.project_UsingUtilitytest.Project_UsingUtilityTest@302552ec]" started-at="2024-12-10T11:04:19 IST" name="addSingleProjectWithCreatedTest" finished-at="2024-12-10T11:04:21 IST" duration-ms="2000" status="PASS">
          <reporter-output>
          </reporter-output>
        </test-method> <!-- addSingleProjectWithCreatedTest -->
        <test-method signature="addDuplicateProject()[pri:0, instance:com.ninza.hrm.api.project_UsingUtilitytest.Project_UsingUtilityTest@302552ec]" started-at="2024-12-10T11:04:21 IST" name="addDuplicateProject" finished-at="2024-12-10T11:04:22 IST" depends-on-methods="com.ninza.hrm.api.project_UsingUtilitytest.Project_UsingUtilityTest.addSingleProjectWithCreatedTest" duration-ms="158" status="PASS">
          <reporter-output>
          </reporter-output>
        </test-method> <!-- addDuplicateProject -->
        <test-method is-config="true" signature="configAS()[pri:0, instance:com.ninza.hrm.api.project_UsingUtilitytest.Project_UsingUtilityTest@302552ec]" started-at="2024-12-10T11:04:23 IST" name="configAS" finished-at="2024-12-10T11:04:23 IST" duration-ms="0" status="PASS">
          <reporter-output>
          </reporter-output>
        </test-method> <!-- configAS -->
      </class> <!-- com.ninza.hrm.api.project_UsingUtilitytest.Project_UsingUtilityTest -->
      <class name="com.ninza.hrm.api.employee_UsingUtilitytest.Employee_UsingUtilityTest">
        <test-method signature="addEmployeWithOutEmailTest()[pri:0, instance:com.ninza.hrm.api.employee_UsingUtilitytest.Employee_UsingUtilityTest@ba2f4ec]" started-at="2024-12-10T11:04:22 IST" name="addEmployeWithOutEmailTest" finished-at="2024-12-10T11:04:22 IST" duration-ms="347" status="PASS">
          <reporter-output>
          </reporter-output>
        </test-method> <!-- addEmployeWithOutEmailTest -->
        <test-method signature="addEmployeeToProject()[pri:0, instance:com.ninza.hrm.api.employee_UsingUtilitytest.Employee_UsingUtilityTest@ba2f4ec]" started-at="2024-12-10T11:04:22 IST" name="addEmployeeToProject" finished-at="2024-12-10T11:04:22 IST" duration-ms="457" status="PASS">
          <reporter-output>
          </reporter-output>
        </test-method> <!-- addEmployeeToProject -->
      </class> <!-- com.ninza.hrm.api.employee_UsingUtilitytest.Employee_UsingUtilityTest -->
    </test> <!-- Test -->
  </suite> <!-- Suite -->
</testng-results>
